android/app/build/outputs/mapping/release/seeds.txt
com.example.flutter_application_3.MainActivity
com.example.flutter_application_3.MainActivity: MainActivity()
...
io.flutter.view.AccessibilityViewEmbedder: io.flutter.view.AccessibilityViewEmbedder$ReflectionAccessors reflectionAccessors
com.google.android.gms.internal.firebase-auth-api.zzaii: java.lang.String zzf
com.google.android.recaptcha.internal.zzka: java.security.MessageDigest zza
com.google.android.recaptcha.internal.zzqi: com.google.android.recaptcha.internal.zzqi zzP
com.google.android.recaptcha.internal.zzma: int zzh
com.google.firestore.v1.AggregationResult: int AGGREGATE_FIELDS_FIELD_NUMBER
com.google.firestore.v1.TargetChange: int RESUME_TOKEN_FIELD_NUMBER
com.google.android.recaptcha.internal.zzlq: com.google.android.recaptcha.internal.zzlq zzi
com.google.android.gms.internal.fido.zzdt: byte zzb
com.google.android.gms.internal.firebase-auth-api.zzjm: com.google.android.gms.internal.firebase-auth-api.zzbn zzd
com.google.android.gms.internal.auth.zzdc: java.util.concurrent.atomic.AtomicInteger zzi
com.google.android.gms.internal.auth.zzc: java.lang.ClassLoader zza
com.google.android.gms.fido.fido2.api.common.zzay: android.os.Parcelable$Creator CREATOR
com.google.android.play.core.integrity.model.IntegrityErrorCode: int PLAY_STORE_NOT_FOUND
com.google.android.gms.internal.firebase-auth-api.zzuw: com.google.android.gms.internal.firebase-auth-api.zzuw[] zzg
com.google.android.recaptcha.internal.zzdg: int zzb
com.google.android.recaptcha.internal.zzku: int zzb
com.google.android.gms.internal.firebase-auth-api.zzaik: java.lang.String zzg
com.google.android.gms.internal.firebase-auth-api.zzvs: com.google.android.gms.internal.firebase-auth-api.zzvs zzc
com.google.android.gms.common.server.response.zan: android.os.Parcelable$Creator CREATOR
com.google.android.gms.internal.firebase-auth-api.zzahr: java.lang.String zzd
com.google.firestore.v1.Target: int ONCE_FIELD_NUMBER
com.google.android.gms.internal.auth.zzco: android.content.Context zzb
com.google.android.play.core.integrity.bf: long a
com.google.android.gms.internal.firebase-auth-api.zzadb: boolean zzad
com.google.android.gms.internal.auth-api.zbw: android.os.Bundle zba
com.google.android.gms.internal.firebase-auth-api.zzwl$zza: com.google.android.gms.internal.firebase-auth-api.zzalw zzd
com.google.firebase.firestore.proto.UnknownDocument: com.google.protobuf.Parser PARSER
com.google.android.play.core.integrity.model.StandardIntegrityErrorCode: int TOO_MANY_REQUESTS
com.google.android.gms.internal.firebase-auth-api.zzaih: boolean zzf
com.google.android.gms.internal.firebase-auth-api.zzei: com.google.android.gms.internal.firebase-auth-api.zzbn zzb
com.google.firebase.auth.PlayGamesAuthCredential: android.os.Parcelable$Creator CREATOR
com.google.android.recaptcha.internal.zzsi: java.lang.String zzg
com.google.android.gms.internal.auth-api.zbax: com.google.android.gms.internal.auth-api.zbbg zba
com.google.android.recaptcha.internal.zzsz: java.lang.String zzf
com.google.android.gms.internal.firebase-auth-api.zzagn: com.google.firebase.auth.ActionCodeSettings zze
com.google.android.recaptcha.internal.zzpx: com.google.android.recaptcha.internal.zzpx zza
com.google.firestore.v1.StructuredQuery: com.google.protobuf.Parser PARSER
com.google.android.recaptcha.internal.zziv: com.google.android.recaptcha.internal.zziv zza
com.google.android.recaptcha.internal.zzjo: java.util.Iterator zzb
com.google.android.recaptcha.internal.zzan: com.google.android.play.core.integrity.StandardIntegrityManager zzd
com.google.android.recaptcha.internal.zzmu: com.google.android.recaptcha.internal.zzmu zzR
com.google.android.gms.internal.auth.zzx: com.google.android.gms.tasks.TaskCompletionSource zza
com.google.android.gms.internal.firebase-auth-api.zzzn: byte[] zza
com.google.android.recaptcha.internal.zzbl: com.google.android.recaptcha.internal.zzbl zzb
com.google.firestore.v1.ListenRequest: int REMOVE_TARGET_FIELD_NUMBER
com.google.android.gms.internal.firebase-auth-api.zzqa: java.lang.Integer zzd
com.google.android.recaptcha.internal.zzdg: com.google.android.recaptcha.internal.zzdt zzc