android/app/build/outputs/mapping/release/usage.txt
com.example.flutter_application_3.R$drawable
com.example.flutter_application_3.R$mipmap
com.example.flutter_application_3.R$string
com.example.flutter_application_3.R$style
com.example.flutter_application_3.R
...
com.google.common.collect.Iterables$9
com.google.common.collect.Iterables$UnmodifiableIterable
com.google.common.collect.Iterables
com.google.common.collect.Iterators$10
com.google.common.collect.Iterators$11
com.google.common.collect.Iterators$1
com.google.common.collect.Iterators$2
com.google.common.collect.Iterators$3
com.google.common.collect.Iterators$4
com.google.common.collect.Iterators$5
com.google.common.collect.Iterators$6
com.google.common.collect.Iterators$7
com.google.common.collect.Iterators$8
com.google.common.collect.Iterators$ArrayItr
com.google.common.collect.Iterators$ConcatenatedIterator
com.google.common.collect.Iterators$EmptyModifiableIterator
com.google.common.collect.Iterators$MergingIterator
com.google.common.collect.Iterators$PeekingImpl
com.google.common.collect.Iterators:
    private void <init>()
    public static boolean addAll(java.util.Collection,java.util.Iterator)
    public static int advance(java.util.Iterator,int)
    public static boolean all(java.util.Iterator,com.google.common.base.Predicate)
    public static boolean any(java.util.Iterator,com.google.common.base.Predicate)
    public static java.util.Enumeration asEnumeration(java.util.Iterator)
    static java.util.ListIterator cast(java.util.Iterator)
    static void checkNonnegative(int)
    static void clear(java.util.Iterator)
    public static java.util.Iterator concat(java.util.Iterator)
    public static java.util.Iterator concat(java.util.Iterator,java.util.Iterator)
    public static java.util.Iterator concat(java.util.Iterator,java.util.Iterator,java.util.Iterator)
    public static java.util.Iterator concat(java.util.Iterator,java.util.Iterator,java.util.Iterator,java.util.Iterator)
    public static varargs java.util.Iterator concat(java.util.Iterator[])
    static varargs java.util.Iterator concatNoDefensiveCopy(java.util.Iterator[])
    private static varargs java.util.Iterator consumingForArray(java.util.Iterator[])
    public static java.util.Iterator consumingIterator(java.util.Iterator)
    public static boolean contains(java.util.Iterator,java.lang.Object)
    public static java.util.Iterator cycle(java.lang.Iterable)
    public static varargs java.util.Iterator cycle(java.lang.Object[])
com.google.common.collect.LexicographicalOrdering
com.google.common.collect.LinkedHashMultimap$1
com.google.common.collect.LinkedHashMultimap$ValueEntry
com.google.common.collect.LinkedHashMultimap$ValueSet$1
com.google.common.collect.LinkedHashMultimap$ValueSet
com.google.common.collect.LinkedHashMultimap$ValueSetLink
com.google.common.collect.LinkedHashMultimap
com.google.common.collect.LinkedHashMultimapGwtSerializationDependencies
com.google.common.collect.LinkedHashMultiset
com.google.common.collect.LinkedListMultimap$1
com.google.common.collect.LinkedListMultimap$1EntriesImpl
com.google.common.collect.LinkedListMultimap$1KeySetImpl
com.google.common.collect.LinkedListMultimap$1ValuesImpl$1
com.google.common.collect.LinkedListMultimap$1ValuesImpl
com.google.common.collect.LinkedListMultimap$DistinctKeyIterator
com.google.common.collect.LinkedListMultimap$KeyList
com.google.common.collect.LinkedListMultimap$Node
com.google.common.collect.LinkedListMultimap$NodeIterator
com.google.common.collect.LinkedListMultimap$ValueForKeyIterator
com.google.common.collect.LinkedListMultimap
com.google.common.collect.ListMultimap
com.google.common.collect.Lists$1
com.google.common.collect.Lists$2
com.google.common.collect.Lists$AbstractListWrapper
com.google.common.collect.Lists$CharSequenceAsList
com.google.common.collect.Lists$OnePlusArrayList
com.google.common.collect.Lists$Partition
com.google.common.collect.Lists$RandomAccessListWrapper
com.google.common.collect.Lists$RandomAccessPartition
com.google.common.collect.Lists$RandomAccessReverseList
com.google.common.collect.Lists$ReverseList$1
com.google.common.collect.Lists$ReverseList
com.google.common.collect.Lists$StringAsImmutableList